[ 2023-09-09 07:14:31,895] 21 root - INFO - Reading data from database: APS_PROJECT and collection: SENSOR_FAULT
[ 2023-09-09 07:14:35,592] 24 root - INFO - columnsIndex(['_id', 'class', 'aa_000', 'ab_000', 'ac_000', 'ad_000', 'ae_000',
       'af_000', 'ag_000', 'ag_001',
       ...
       'ee_002', 'ee_003', 'ee_004', 'ee_005', 'ee_006', 'ee_007', 'ee_008',
       'ee_009', 'ef_000', 'eg_000'],
      dtype='object', length=172)
[ 2023-09-09 07:14:35,593] 26 root - INFO - Dropping column: _id 
[ 2023-09-09 07:14:35,849] 28 root - INFO - Row and columns in df: (36188, 171)
[ 2023-09-09 07:14:42,564] 22 root - INFO - >>>>>>>>>>>>>>>>>>>>>>>>>>>>>>>>>>>>>>>> Data Validation <<<<<<<<<<<<<<<<<<<<<<<<<<<<<<<<<<<<<<<<
[ 2023-09-09 07:14:42,564] 111 root - INFO - Reading base dataframe
[ 2023-09-09 07:14:44,947] 114 root - INFO - Replace na value in base df
[ 2023-09-09 07:14:44,948] 116 root - INFO - Drop null values colums from base df
[ 2023-09-09 07:14:45,207] 45 root - INFO - selecting column name which contains null above to 0.2
[ 2023-09-09 07:14:45,208] 48 root - INFO - Columns to drop: ['ab_000', 'ad_000', 'bk_000', 'bl_000', 'bm_000', 'bn_000', 'bo_000', 'bp_000', 'bq_000', 'br_000', 'cf_000', 'cg_000', 'ch_000', 'co_000', 'cr_000', 'ct_000', 'cu_000', 'cv_000', 'cx_000', 'cy_000', 'cz_000', 'da_000', 'db_000', 'dc_000']
[ 2023-09-09 07:14:45,322] 119 root - INFO - Reading train dataframe
[ 2023-09-09 07:14:45,745] 121 root - INFO - Reading test dataframe
[ 2023-09-09 07:14:45,860] 124 root - INFO - Drop null values colums from train df
[ 2023-09-09 07:14:45,869] 45 root - INFO - selecting column name which contains null above to 0.2
[ 2023-09-09 07:14:45,869] 48 root - INFO - Columns to drop: ['ab_000', 'ad_000', 'bk_000', 'bl_000', 'bm_000', 'bn_000', 'bo_000', 'bp_000', 'bq_000', 'br_000', 'cf_000', 'cg_000', 'ch_000', 'co_000', 'cr_000', 'ct_000', 'cu_000', 'cv_000', 'cx_000', 'cy_000', 'cz_000', 'da_000', 'db_000', 'dc_000']
[ 2023-09-09 07:14:45,879] 126 root - INFO - Drop null values colums from test df
[ 2023-09-09 07:14:45,882] 45 root - INFO - selecting column name which contains null above to 0.2
[ 2023-09-09 07:14:45,883] 48 root - INFO - Columns to drop: ['ab_000', 'ad_000', 'bk_000', 'bl_000', 'bm_000', 'bn_000', 'bo_000', 'bp_000', 'bq_000', 'br_000', 'cf_000', 'cg_000', 'ch_000', 'co_000', 'cr_000', 'ct_000', 'cu_000', 'cv_000', 'cx_000', 'cy_000', 'cz_000', 'da_000', 'db_000', 'dc_000']
[ 2023-09-09 07:14:46,698] 135 root - INFO - Is all required columns present in train df
[ 2023-09-09 07:14:46,699] 137 root - INFO - Is all required columns present in test df
[ 2023-09-09 07:14:46,699] 141 root - INFO - As all column are available in train df hence detecting data drift
[ 2023-09-09 07:14:46,699] 89 root - INFO - Hypothesis class: object, object 
[ 2023-09-09 07:14:46,844] 89 root - INFO - Hypothesis aa_000: float64, float64 
[ 2023-09-09 07:14:46,855] 89 root - INFO - Hypothesis ac_000: float64, float64 
[ 2023-09-09 07:14:46,896] 89 root - INFO - Hypothesis ae_000: float64, float64 
[ 2023-09-09 07:14:46,938] 89 root - INFO - Hypothesis af_000: float64, float64 
[ 2023-09-09 07:14:46,977] 89 root - INFO - Hypothesis ag_000: float64, float64 
[ 2023-09-09 07:14:47,015] 89 root - INFO - Hypothesis ag_001: float64, float64 
[ 2023-09-09 07:14:47,054] 89 root - INFO - Hypothesis ag_002: float64, float64 
[ 2023-09-09 07:14:47,095] 89 root - INFO - Hypothesis ag_003: float64, float64 
[ 2023-09-09 07:14:47,102] 89 root - INFO - Hypothesis ag_004: float64, float64 
[ 2023-09-09 07:14:47,112] 89 root - INFO - Hypothesis ag_005: float64, float64 
[ 2023-09-09 07:14:47,122] 89 root - INFO - Hypothesis ag_006: float64, float64 
[ 2023-09-09 07:14:47,132] 89 root - INFO - Hypothesis ag_007: float64, float64 
[ 2023-09-09 07:14:47,141] 89 root - INFO - Hypothesis ag_008: float64, float64 
[ 2023-09-09 07:14:47,150] 89 root - INFO - Hypothesis ag_009: float64, float64 
[ 2023-09-09 07:14:47,157] 89 root - INFO - Hypothesis ah_000: float64, float64 
[ 2023-09-09 07:14:47,168] 89 root - INFO - Hypothesis ai_000: float64, float64 
[ 2023-09-09 07:14:47,206] 89 root - INFO - Hypothesis aj_000: float64, float64 
[ 2023-09-09 07:14:47,212] 89 root - INFO - Hypothesis ak_000: float64, float64 
[ 2023-09-09 07:14:47,251] 89 root - INFO - Hypothesis al_000: float64, float64 
[ 2023-09-09 07:14:47,259] 89 root - INFO - Hypothesis am_0: float64, float64 
[ 2023-09-09 07:14:47,266] 89 root - INFO - Hypothesis an_000: float64, float64 
[ 2023-09-09 07:14:47,276] 89 root - INFO - Hypothesis ao_000: float64, float64 
[ 2023-09-09 07:14:47,287] 89 root - INFO - Hypothesis ap_000: float64, float64 
[ 2023-09-09 07:14:47,297] 89 root - INFO - Hypothesis aq_000: float64, float64 
[ 2023-09-09 07:14:47,308] 89 root - INFO - Hypothesis ar_000: float64, float64 
[ 2023-09-09 07:14:47,346] 89 root - INFO - Hypothesis as_000: float64, float64 
[ 2023-09-09 07:14:47,383] 89 root - INFO - Hypothesis at_000: float64, float64 
[ 2023-09-09 07:14:47,422] 89 root - INFO - Hypothesis au_000: float64, float64 
[ 2023-09-09 07:14:47,459] 89 root - INFO - Hypothesis av_000: float64, float64 
[ 2023-09-09 07:14:47,467] 89 root - INFO - Hypothesis ax_000: float64, float64 
[ 2023-09-09 07:14:47,476] 89 root - INFO - Hypothesis ay_000: float64, float64 
[ 2023-09-09 07:14:47,514] 89 root - INFO - Hypothesis ay_001: float64, float64 
[ 2023-09-09 07:14:47,551] 89 root - INFO - Hypothesis ay_002: float64, float64 
[ 2023-09-09 07:14:47,590] 89 root - INFO - Hypothesis ay_003: float64, float64 
[ 2023-09-09 07:14:47,627] 89 root - INFO - Hypothesis ay_004: float64, float64 
[ 2023-09-09 07:14:47,665] 89 root - INFO - Hypothesis ay_005: float64, float64 
[ 2023-09-09 07:14:47,707] 89 root - INFO - Hypothesis ay_006: float64, float64 
[ 2023-09-09 07:14:47,716] 89 root - INFO - Hypothesis ay_007: float64, float64 
[ 2023-09-09 07:14:47,726] 89 root - INFO - Hypothesis ay_008: float64, float64 
[ 2023-09-09 07:14:47,737] 89 root - INFO - Hypothesis ay_009: float64, float64 
[ 2023-09-09 07:14:47,775] 89 root - INFO - Hypothesis az_000: float64, float64 
[ 2023-09-09 07:14:47,785] 89 root - INFO - Hypothesis az_001: float64, float64 
[ 2023-09-09 07:14:47,794] 89 root - INFO - Hypothesis az_002: float64, float64 
[ 2023-09-09 07:14:47,803] 89 root - INFO - Hypothesis az_003: float64, float64 
[ 2023-09-09 07:14:47,813] 89 root - INFO - Hypothesis az_004: float64, float64 
[ 2023-09-09 07:14:47,824] 89 root - INFO - Hypothesis az_005: float64, float64 
[ 2023-09-09 07:14:47,834] 89 root - INFO - Hypothesis az_006: float64, float64 
[ 2023-09-09 07:14:47,877] 89 root - INFO - Hypothesis az_007: float64, float64 
[ 2023-09-09 07:14:47,916] 89 root - INFO - Hypothesis az_008: float64, float64 
[ 2023-09-09 07:14:47,954] 89 root - INFO - Hypothesis az_009: float64, float64 
[ 2023-09-09 07:14:47,992] 89 root - INFO - Hypothesis ba_000: float64, float64 
[ 2023-09-09 07:14:48,003] 89 root - INFO - Hypothesis ba_001: float64, float64 
[ 2023-09-09 07:14:48,015] 89 root - INFO - Hypothesis ba_002: float64, float64 
[ 2023-09-09 07:14:48,026] 89 root - INFO - Hypothesis ba_003: float64, float64 
[ 2023-09-09 07:14:48,041] 89 root - INFO - Hypothesis ba_004: float64, float64 
[ 2023-09-09 07:14:48,051] 89 root - INFO - Hypothesis ba_005: float64, float64 
[ 2023-09-09 07:14:48,061] 89 root - INFO - Hypothesis ba_006: float64, float64 
[ 2023-09-09 07:14:48,071] 89 root - INFO - Hypothesis ba_007: float64, float64 
[ 2023-09-09 07:14:48,081] 89 root - INFO - Hypothesis ba_008: float64, float64 
[ 2023-09-09 07:14:48,123] 89 root - INFO - Hypothesis ba_009: float64, float64 
[ 2023-09-09 07:14:48,163] 89 root - INFO - Hypothesis bb_000: float64, float64 
[ 2023-09-09 07:14:48,174] 89 root - INFO - Hypothesis bc_000: float64, float64 
[ 2023-09-09 07:14:48,215] 89 root - INFO - Hypothesis bd_000: float64, float64 
[ 2023-09-09 07:14:48,223] 89 root - INFO - Hypothesis be_000: float64, float64 
[ 2023-09-09 07:14:48,232] 89 root - INFO - Hypothesis bf_000: float64, float64 
[ 2023-09-09 07:14:48,239] 89 root - INFO - Hypothesis bg_000: float64, float64 
[ 2023-09-09 07:14:48,250] 89 root - INFO - Hypothesis bh_000: float64, float64 
[ 2023-09-09 07:14:48,260] 89 root - INFO - Hypothesis bi_000: float64, float64 
[ 2023-09-09 07:14:48,270] 89 root - INFO - Hypothesis bj_000: float64, float64 
[ 2023-09-09 07:14:48,281] 89 root - INFO - Hypothesis bs_000: float64, float64 
[ 2023-09-09 07:14:48,291] 89 root - INFO - Hypothesis bt_000: float64, float64 
[ 2023-09-09 07:14:48,302] 89 root - INFO - Hypothesis bu_000: float64, float64 
[ 2023-09-09 07:14:48,312] 89 root - INFO - Hypothesis bv_000: float64, float64 
[ 2023-09-09 07:14:48,322] 89 root - INFO - Hypothesis bx_000: float64, float64 
[ 2023-09-09 07:14:48,332] 89 root - INFO - Hypothesis by_000: float64, float64 
[ 2023-09-09 07:14:48,342] 89 root - INFO - Hypothesis bz_000: float64, float64 
[ 2023-09-09 07:14:48,352] 89 root - INFO - Hypothesis ca_000: float64, float64 
[ 2023-09-09 07:14:48,362] 89 root - INFO - Hypothesis cb_000: float64, float64 
[ 2023-09-09 07:14:48,372] 89 root - INFO - Hypothesis cc_000: float64, float64 
[ 2023-09-09 07:14:48,383] 89 root - INFO - Hypothesis cd_000: float64, float64 
[ 2023-09-09 07:14:48,421] 89 root - INFO - Hypothesis ce_000: float64, float64 
[ 2023-09-09 07:14:48,430] 89 root - INFO - Hypothesis ci_000: float64, float64 
[ 2023-09-09 07:14:48,441] 89 root - INFO - Hypothesis cj_000: float64, float64 
[ 2023-09-09 07:14:48,480] 89 root - INFO - Hypothesis ck_000: float64, float64 
[ 2023-09-09 07:14:48,490] 89 root - INFO - Hypothesis cl_000: float64, float64 
[ 2023-09-09 07:14:48,496] 89 root - INFO - Hypothesis cm_000: float64, float64 
[ 2023-09-09 07:14:48,504] 89 root - INFO - Hypothesis cn_000: float64, float64 
[ 2023-09-09 07:14:48,542] 89 root - INFO - Hypothesis cn_001: float64, float64 
[ 2023-09-09 07:14:48,582] 89 root - INFO - Hypothesis cn_002: float64, float64 
[ 2023-09-09 07:14:48,590] 89 root - INFO - Hypothesis cn_003: float64, float64 
[ 2023-09-09 07:14:48,600] 89 root - INFO - Hypothesis cn_004: float64, float64 
[ 2023-09-09 07:14:48,611] 89 root - INFO - Hypothesis cn_005: float64, float64 
[ 2023-09-09 07:14:48,621] 89 root - INFO - Hypothesis cn_006: float64, float64 
[ 2023-09-09 07:14:48,631] 89 root - INFO - Hypothesis cn_007: float64, float64 
[ 2023-09-09 07:14:48,641] 89 root - INFO - Hypothesis cn_008: float64, float64 
[ 2023-09-09 07:14:48,650] 89 root - INFO - Hypothesis cn_009: float64, float64 
[ 2023-09-09 07:14:48,691] 89 root - INFO - Hypothesis cp_000: float64, float64 
[ 2023-09-09 07:14:48,733] 89 root - INFO - Hypothesis cq_000: float64, float64 
[ 2023-09-09 07:14:48,743] 89 root - INFO - Hypothesis cs_000: float64, float64 
[ 2023-09-09 07:14:48,754] 89 root - INFO - Hypothesis cs_001: float64, float64 
[ 2023-09-09 07:14:48,762] 89 root - INFO - Hypothesis cs_002: float64, float64 
[ 2023-09-09 07:14:48,772] 89 root - INFO - Hypothesis cs_003: float64, float64 
[ 2023-09-09 07:14:48,782] 89 root - INFO - Hypothesis cs_004: float64, float64 
[ 2023-09-09 07:14:48,793] 89 root - INFO - Hypothesis cs_005: float64, float64 
[ 2023-09-09 07:14:48,803] 89 root - INFO - Hypothesis cs_006: float64, float64 
[ 2023-09-09 07:14:48,813] 89 root - INFO - Hypothesis cs_007: float64, float64 
[ 2023-09-09 07:14:48,824] 89 root - INFO - Hypothesis cs_008: float64, float64 
[ 2023-09-09 07:14:48,865] 89 root - INFO - Hypothesis cs_009: float64, float64 
[ 2023-09-09 07:14:48,903] 89 root - INFO - Hypothesis dd_000: float64, float64 
[ 2023-09-09 07:14:48,913] 89 root - INFO - Hypothesis de_000: float64, float64 
[ 2023-09-09 07:14:48,921] 89 root - INFO - Hypothesis df_000: float64, float64 
[ 2023-09-09 07:14:48,965] 89 root - INFO - Hypothesis dg_000: float64, float64 
[ 2023-09-09 07:14:49,005] 89 root - INFO - Hypothesis dh_000: float64, float64 
[ 2023-09-09 07:14:49,011] 89 root - INFO - Hypothesis di_000: float64, float64 
[ 2023-09-09 07:14:49,052] 89 root - INFO - Hypothesis dj_000: float64, float64 
[ 2023-09-09 07:14:49,095] 89 root - INFO - Hypothesis dk_000: float64, float64 
[ 2023-09-09 07:14:49,134] 89 root - INFO - Hypothesis dl_000: float64, float64 
[ 2023-09-09 07:14:49,173] 89 root - INFO - Hypothesis dm_000: float64, float64 
[ 2023-09-09 07:14:49,211] 89 root - INFO - Hypothesis dn_000: float64, float64 
[ 2023-09-09 07:14:49,221] 89 root - INFO - Hypothesis do_000: float64, float64 
[ 2023-09-09 07:14:49,231] 89 root - INFO - Hypothesis dp_000: float64, float64 
[ 2023-09-09 07:14:49,240] 89 root - INFO - Hypothesis dq_000: float64, float64 
[ 2023-09-09 07:14:49,280] 89 root - INFO - Hypothesis dr_000: float64, float64 
[ 2023-09-09 07:14:49,321] 89 root - INFO - Hypothesis ds_000: float64, float64 
[ 2023-09-09 07:14:49,331] 89 root - INFO - Hypothesis dt_000: float64, float64 
[ 2023-09-09 07:14:49,342] 89 root - INFO - Hypothesis du_000: float64, float64 
[ 2023-09-09 07:14:49,352] 89 root - INFO - Hypothesis dv_000: float64, float64 
[ 2023-09-09 07:14:49,362] 89 root - INFO - Hypothesis dx_000: float64, float64 
[ 2023-09-09 07:14:49,403] 89 root - INFO - Hypothesis dy_000: float64, float64 
[ 2023-09-09 07:14:49,443] 89 root - INFO - Hypothesis dz_000: float64, float64 
[ 2023-09-09 07:14:49,481] 89 root - INFO - Hypothesis ea_000: float64, float64 
[ 2023-09-09 07:14:49,519] 89 root - INFO - Hypothesis eb_000: float64, float64 
[ 2023-09-09 07:14:49,528] 89 root - INFO - Hypothesis ec_00: float64, float64 
[ 2023-09-09 07:14:49,538] 89 root - INFO - Hypothesis ed_000: float64, float64 
[ 2023-09-09 07:14:49,547] 89 root - INFO - Hypothesis ee_000: float64, float64 
[ 2023-09-09 07:14:49,558] 89 root - INFO - Hypothesis ee_001: float64, float64 
[ 2023-09-09 07:14:49,568] 89 root - INFO - Hypothesis ee_002: float64, float64 
[ 2023-09-09 07:14:49,579] 89 root - INFO - Hypothesis ee_003: float64, float64 
[ 2023-09-09 07:14:49,589] 89 root - INFO - Hypothesis ee_004: float64, float64 
[ 2023-09-09 07:14:49,599] 89 root - INFO - Hypothesis ee_005: float64, float64 
[ 2023-09-09 07:14:49,609] 89 root - INFO - Hypothesis ee_006: float64, float64 
[ 2023-09-09 07:14:49,619] 89 root - INFO - Hypothesis ee_007: float64, float64 
[ 2023-09-09 07:14:49,629] 89 root - INFO - Hypothesis ee_008: float64, float64 
[ 2023-09-09 07:14:49,638] 89 root - INFO - Hypothesis ee_009: float64, float64 
[ 2023-09-09 07:14:49,646] 89 root - INFO - Hypothesis ef_000: float64, float64 
[ 2023-09-09 07:14:49,684] 89 root - INFO - Hypothesis eg_000: float64, float64 
[ 2023-09-09 07:14:49,722] 144 root - INFO - As all column are available in test df hence detecting data drift
[ 2023-09-09 07:14:49,722] 89 root - INFO - Hypothesis class: object, object 
[ 2023-09-09 07:14:49,804] 89 root - INFO - Hypothesis aa_000: float64, float64 
[ 2023-09-09 07:14:49,811] 89 root - INFO - Hypothesis ac_000: float64, float64 
[ 2023-09-09 07:14:49,817] 89 root - INFO - Hypothesis ae_000: float64, float64 
[ 2023-09-09 07:14:49,833] 89 root - INFO - Hypothesis af_000: float64, float64 
[ 2023-09-09 07:14:49,850] 89 root - INFO - Hypothesis ag_000: float64, float64 
[ 2023-09-09 07:14:49,865] 89 root - INFO - Hypothesis ag_001: float64, float64 
[ 2023-09-09 07:14:49,881] 89 root - INFO - Hypothesis ag_002: float64, float64 
[ 2023-09-09 07:14:49,886] 89 root - INFO - Hypothesis ag_003: float64, float64 
[ 2023-09-09 07:14:49,890] 89 root - INFO - Hypothesis ag_004: float64, float64 
[ 2023-09-09 07:14:49,897] 89 root - INFO - Hypothesis ag_005: float64, float64 
[ 2023-09-09 07:14:49,904] 89 root - INFO - Hypothesis ag_006: float64, float64 
[ 2023-09-09 07:14:49,911] 89 root - INFO - Hypothesis ag_007: float64, float64 
[ 2023-09-09 07:14:49,917] 89 root - INFO - Hypothesis ag_008: float64, float64 
[ 2023-09-09 07:14:49,923] 89 root - INFO - Hypothesis ag_009: float64, float64 
[ 2023-09-09 07:14:49,928] 89 root - INFO - Hypothesis ah_000: float64, float64 
[ 2023-09-09 07:14:49,935] 89 root - INFO - Hypothesis ai_000: float64, float64 
[ 2023-09-09 07:14:49,939] 89 root - INFO - Hypothesis aj_000: float64, float64 
[ 2023-09-09 07:14:49,943] 89 root - INFO - Hypothesis ak_000: float64, float64 
[ 2023-09-09 07:14:49,947] 89 root - INFO - Hypothesis al_000: float64, float64 
[ 2023-09-09 07:14:49,952] 89 root - INFO - Hypothesis am_0: float64, float64 
[ 2023-09-09 07:14:49,957] 89 root - INFO - Hypothesis an_000: float64, float64 
[ 2023-09-09 07:14:49,965] 89 root - INFO - Hypothesis ao_000: float64, float64 
[ 2023-09-09 07:14:49,972] 89 root - INFO - Hypothesis ap_000: float64, float64 
[ 2023-09-09 07:14:49,979] 89 root - INFO - Hypothesis aq_000: float64, float64 
[ 2023-09-09 07:14:49,986] 89 root - INFO - Hypothesis ar_000: float64, float64 
[ 2023-09-09 07:14:50,003] 89 root - INFO - Hypothesis as_000: float64, float64 
[ 2023-09-09 07:14:50,019] 89 root - INFO - Hypothesis at_000: float64, float64 
[ 2023-09-09 07:14:50,035] 89 root - INFO - Hypothesis au_000: float64, float64 
[ 2023-09-09 07:14:50,053] 89 root - INFO - Hypothesis av_000: float64, float64 
[ 2023-09-09 07:14:50,059] 89 root - INFO - Hypothesis ax_000: float64, float64 
[ 2023-09-09 07:14:50,065] 89 root - INFO - Hypothesis ay_000: float64, float64 
[ 2023-09-09 07:14:50,081] 89 root - INFO - Hypothesis ay_001: float64, float64 
[ 2023-09-09 07:14:50,097] 89 root - INFO - Hypothesis ay_002: float64, float64 
[ 2023-09-09 07:14:50,113] 89 root - INFO - Hypothesis ay_003: float64, float64 
[ 2023-09-09 07:14:50,129] 89 root - INFO - Hypothesis ay_004: float64, float64 
[ 2023-09-09 07:14:50,145] 89 root - INFO - Hypothesis ay_005: float64, float64 
[ 2023-09-09 07:14:50,150] 89 root - INFO - Hypothesis ay_006: float64, float64 
[ 2023-09-09 07:14:50,157] 89 root - INFO - Hypothesis ay_007: float64, float64 
[ 2023-09-09 07:14:50,163] 89 root - INFO - Hypothesis ay_008: float64, float64 
[ 2023-09-09 07:14:50,170] 89 root - INFO - Hypothesis ay_009: float64, float64 
[ 2023-09-09 07:14:50,186] 89 root - INFO - Hypothesis az_000: float64, float64 
[ 2023-09-09 07:14:50,193] 89 root - INFO - Hypothesis az_001: float64, float64 
[ 2023-09-09 07:14:50,199] 89 root - INFO - Hypothesis az_002: float64, float64 
[ 2023-09-09 07:14:50,206] 89 root - INFO - Hypothesis az_003: float64, float64 
[ 2023-09-09 07:14:50,213] 89 root - INFO - Hypothesis az_004: float64, float64 
[ 2023-09-09 07:14:50,220] 89 root - INFO - Hypothesis az_005: float64, float64 
[ 2023-09-09 07:14:50,227] 89 root - INFO - Hypothesis az_006: float64, float64 
[ 2023-09-09 07:14:50,233] 89 root - INFO - Hypothesis az_007: float64, float64 
[ 2023-09-09 07:14:50,238] 89 root - INFO - Hypothesis az_008: float64, float64 
[ 2023-09-09 07:14:50,254] 89 root - INFO - Hypothesis az_009: float64, float64 
[ 2023-09-09 07:14:50,270] 89 root - INFO - Hypothesis ba_000: float64, float64 
[ 2023-09-09 07:14:50,278] 89 root - INFO - Hypothesis ba_001: float64, float64 
[ 2023-09-09 07:14:50,285] 89 root - INFO - Hypothesis ba_002: float64, float64 
[ 2023-09-09 07:14:50,292] 89 root - INFO - Hypothesis ba_003: float64, float64 
[ 2023-09-09 07:14:50,299] 89 root - INFO - Hypothesis ba_004: float64, float64 
[ 2023-09-09 07:14:50,306] 89 root - INFO - Hypothesis ba_005: float64, float64 
[ 2023-09-09 07:14:50,312] 89 root - INFO - Hypothesis ba_006: float64, float64 
[ 2023-09-09 07:14:50,319] 89 root - INFO - Hypothesis ba_007: float64, float64 
[ 2023-09-09 07:14:50,326] 89 root - INFO - Hypothesis ba_008: float64, float64 
[ 2023-09-09 07:14:50,332] 89 root - INFO - Hypothesis ba_009: float64, float64 
[ 2023-09-09 07:14:50,336] 89 root - INFO - Hypothesis bb_000: float64, float64 
[ 2023-09-09 07:14:50,343] 89 root - INFO - Hypothesis bc_000: float64, float64 
[ 2023-09-09 07:14:50,349] 89 root - INFO - Hypothesis bd_000: float64, float64 
[ 2023-09-09 07:14:50,355] 89 root - INFO - Hypothesis be_000: float64, float64 
[ 2023-09-09 07:14:50,361] 89 root - INFO - Hypothesis bf_000: float64, float64 
[ 2023-09-09 07:14:50,366] 89 root - INFO - Hypothesis bg_000: float64, float64 
[ 2023-09-09 07:14:50,373] 89 root - INFO - Hypothesis bh_000: float64, float64 
[ 2023-09-09 07:14:50,380] 89 root - INFO - Hypothesis bi_000: float64, float64 
[ 2023-09-09 07:14:50,387] 89 root - INFO - Hypothesis bj_000: float64, float64 
[ 2023-09-09 07:14:50,394] 89 root - INFO - Hypothesis bs_000: float64, float64 
[ 2023-09-09 07:14:50,401] 89 root - INFO - Hypothesis bt_000: float64, float64 
[ 2023-09-09 07:14:50,408] 89 root - INFO - Hypothesis bu_000: float64, float64 
[ 2023-09-09 07:14:50,415] 89 root - INFO - Hypothesis bv_000: float64, float64 
[ 2023-09-09 07:14:50,422] 89 root - INFO - Hypothesis bx_000: float64, float64 
[ 2023-09-09 07:14:50,429] 89 root - INFO - Hypothesis by_000: float64, float64 
[ 2023-09-09 07:14:50,436] 89 root - INFO - Hypothesis bz_000: float64, float64 
[ 2023-09-09 07:14:50,443] 89 root - INFO - Hypothesis ca_000: float64, float64 
[ 2023-09-09 07:14:50,450] 89 root - INFO - Hypothesis cb_000: float64, float64 
[ 2023-09-09 07:14:50,457] 89 root - INFO - Hypothesis cc_000: float64, float64 
[ 2023-09-09 07:14:50,464] 89 root - INFO - Hypothesis cd_000: float64, float64 
[ 2023-09-09 07:14:50,480] 89 root - INFO - Hypothesis ce_000: float64, float64 
[ 2023-09-09 07:14:50,487] 89 root - INFO - Hypothesis ci_000: float64, float64 
[ 2023-09-09 07:14:50,494] 89 root - INFO - Hypothesis cj_000: float64, float64 
[ 2023-09-09 07:14:50,498] 89 root - INFO - Hypothesis ck_000: float64, float64 
[ 2023-09-09 07:14:50,505] 89 root - INFO - Hypothesis cl_000: float64, float64 
[ 2023-09-09 07:14:50,510] 89 root - INFO - Hypothesis cm_000: float64, float64 
[ 2023-09-09 07:14:50,515] 89 root - INFO - Hypothesis cn_000: float64, float64 
[ 2023-09-09 07:14:50,531] 89 root - INFO - Hypothesis cn_001: float64, float64 
[ 2023-09-09 07:14:50,535] 89 root - INFO - Hypothesis cn_002: float64, float64 
[ 2023-09-09 07:14:50,540] 89 root - INFO - Hypothesis cn_003: float64, float64 
[ 2023-09-09 07:14:50,548] 89 root - INFO - Hypothesis cn_004: float64, float64 
[ 2023-09-09 07:14:50,555] 89 root - INFO - Hypothesis cn_005: float64, float64 
[ 2023-09-09 07:14:50,562] 89 root - INFO - Hypothesis cn_006: float64, float64 
[ 2023-09-09 07:14:50,569] 89 root - INFO - Hypothesis cn_007: float64, float64 
[ 2023-09-09 07:14:50,575] 89 root - INFO - Hypothesis cn_008: float64, float64 
[ 2023-09-09 07:14:50,581] 89 root - INFO - Hypothesis cn_009: float64, float64 
[ 2023-09-09 07:14:50,587] 89 root - INFO - Hypothesis cp_000: float64, float64 
[ 2023-09-09 07:14:50,592] 89 root - INFO - Hypothesis cq_000: float64, float64 
[ 2023-09-09 07:14:50,599] 89 root - INFO - Hypothesis cs_000: float64, float64 
[ 2023-09-09 07:14:50,606] 89 root - INFO - Hypothesis cs_001: float64, float64 
[ 2023-09-09 07:14:50,612] 89 root - INFO - Hypothesis cs_002: float64, float64 
[ 2023-09-09 07:14:50,619] 89 root - INFO - Hypothesis cs_003: float64, float64 
[ 2023-09-09 07:14:50,626] 89 root - INFO - Hypothesis cs_004: float64, float64 
[ 2023-09-09 07:14:50,633] 89 root - INFO - Hypothesis cs_005: float64, float64 
[ 2023-09-09 07:14:50,640] 89 root - INFO - Hypothesis cs_006: float64, float64 
[ 2023-09-09 07:14:50,647] 89 root - INFO - Hypothesis cs_007: float64, float64 
[ 2023-09-09 07:14:50,654] 89 root - INFO - Hypothesis cs_008: float64, float64 
[ 2023-09-09 07:14:50,660] 89 root - INFO - Hypothesis cs_009: float64, float64 
[ 2023-09-09 07:14:50,676] 89 root - INFO - Hypothesis dd_000: float64, float64 
[ 2023-09-09 07:14:50,683] 89 root - INFO - Hypothesis de_000: float64, float64 
[ 2023-09-09 07:14:50,689] 89 root - INFO - Hypothesis df_000: float64, float64 
[ 2023-09-09 07:14:50,693] 89 root - INFO - Hypothesis dg_000: float64, float64 
[ 2023-09-09 07:14:50,696] 89 root - INFO - Hypothesis dh_000: float64, float64 
[ 2023-09-09 07:14:50,700] 89 root - INFO - Hypothesis di_000: float64, float64 
[ 2023-09-09 07:14:50,704] 89 root - INFO - Hypothesis dj_000: float64, float64 
[ 2023-09-09 07:14:50,721] 89 root - INFO - Hypothesis dk_000: float64, float64 
[ 2023-09-09 07:14:50,724] 89 root - INFO - Hypothesis dl_000: float64, float64 
[ 2023-09-09 07:14:50,741] 89 root - INFO - Hypothesis dm_000: float64, float64 
[ 2023-09-09 07:14:50,758] 89 root - INFO - Hypothesis dn_000: float64, float64 
[ 2023-09-09 07:14:50,765] 89 root - INFO - Hypothesis do_000: float64, float64 
[ 2023-09-09 07:14:50,772] 89 root - INFO - Hypothesis dp_000: float64, float64 
[ 2023-09-09 07:14:50,778] 89 root - INFO - Hypothesis dq_000: float64, float64 
[ 2023-09-09 07:14:50,782] 89 root - INFO - Hypothesis dr_000: float64, float64 
[ 2023-09-09 07:14:50,787] 89 root - INFO - Hypothesis ds_000: float64, float64 
[ 2023-09-09 07:14:50,794] 89 root - INFO - Hypothesis dt_000: float64, float64 
[ 2023-09-09 07:14:50,800] 89 root - INFO - Hypothesis du_000: float64, float64 
[ 2023-09-09 07:14:50,807] 89 root - INFO - Hypothesis dv_000: float64, float64 
[ 2023-09-09 07:14:50,814] 89 root - INFO - Hypothesis dx_000: float64, float64 
[ 2023-09-09 07:14:50,819] 89 root - INFO - Hypothesis dy_000: float64, float64 
[ 2023-09-09 07:14:50,824] 89 root - INFO - Hypothesis dz_000: float64, float64 
[ 2023-09-09 07:14:50,840] 89 root - INFO - Hypothesis ea_000: float64, float64 
[ 2023-09-09 07:14:50,856] 89 root - INFO - Hypothesis eb_000: float64, float64 
[ 2023-09-09 07:14:50,862] 89 root - INFO - Hypothesis ec_00: float64, float64 
[ 2023-09-09 07:14:50,868] 89 root - INFO - Hypothesis ed_000: float64, float64 
[ 2023-09-09 07:14:50,874] 89 root - INFO - Hypothesis ee_000: float64, float64 
[ 2023-09-09 07:14:50,881] 89 root - INFO - Hypothesis ee_001: float64, float64 
[ 2023-09-09 07:14:50,888] 89 root - INFO - Hypothesis ee_002: float64, float64 
[ 2023-09-09 07:14:50,895] 89 root - INFO - Hypothesis ee_003: float64, float64 
[ 2023-09-09 07:14:50,902] 89 root - INFO - Hypothesis ee_004: float64, float64 
[ 2023-09-09 07:14:50,909] 89 root - INFO - Hypothesis ee_005: float64, float64 
[ 2023-09-09 07:14:50,916] 89 root - INFO - Hypothesis ee_006: float64, float64 
[ 2023-09-09 07:14:50,923] 89 root - INFO - Hypothesis ee_007: float64, float64 
[ 2023-09-09 07:14:50,929] 89 root - INFO - Hypothesis ee_008: float64, float64 
[ 2023-09-09 07:14:50,936] 89 root - INFO - Hypothesis ee_009: float64, float64 
[ 2023-09-09 07:14:50,941] 89 root - INFO - Hypothesis ef_000: float64, float64 
[ 2023-09-09 07:14:50,957] 89 root - INFO - Hypothesis eg_000: float64, float64 
[ 2023-09-09 07:14:50,973] 148 root - INFO - Write reprt in yaml file
[ 2023-09-09 07:14:51,050] 153 root - INFO - Data validation artifact: DataValidationArtifact(report_file_path='/config/workspace/artifact/09092023__071431/data_validation/report.yaml')
[ 2023-09-09 07:14:51,130] 24 root - INFO - >>>>>>>>>>>>>>>>>>>>>>>>>>>>>>>>>>>>>>>> Data Transformation <<<<<<<<<<<<<<<<<<<<<<<<<<<<<<<<<<<<<<<<
[ 2023-09-09 07:14:52,101] 75 root - INFO - Before resampling in training set Input: (28950, 170) Target:(28950,)
[ 2023-09-09 07:14:56,687] 77 root - INFO - After resampling in training set Input: (56152, 170) Target:(56152,)
[ 2023-09-09 07:14:56,687] 79 root - INFO - Before resampling in testing set Input: (7238, 170) Target:(7238,)
[ 2023-09-09 07:14:57,234] 81 root - INFO - After resampling in testing set Input: (14072, 170) Target:(14072,)
[ 2023-09-09 07:14:57,367] 57 root - INFO - Entered the save_object method of utils
[ 2023-09-09 07:14:57,370] 61 root - INFO - Exited the save_object method of utils
[ 2023-09-09 07:14:57,371] 57 root - INFO - Entered the save_object method of utils
[ 2023-09-09 07:14:57,371] 61 root - INFO - Exited the save_object method of utils
[ 2023-09-09 07:14:57,371] 112 root - INFO - Data transformation object DataTransformationArtifact(transform_object_path='/config/workspace/artifact/09092023__071431/data_transformation/transformer/transformer.pkl', transformed_train_path='/config/workspace/artifact/09092023__071431/data_transformation/transformed/train.npz', transformed_test_path='/config/workspace/artifact/09092023__071431/data_transformation/transformed/test.npz', target_encoder_path='/config/workspace/artifact/09092023__071431/data_transformation/target_encoder/target_encoder.pkl')
[ 2023-09-09 07:14:57,373] 18 root - INFO - >>>>>>>>>>>>>>>>>>>>>>>>>>>>>>>>>>>>>>>> Model Trainer <<<<<<<<<<<<<<<<<<<<<<<<<<<<<<<<<<<<<<<<
[ 2023-09-09 07:14:57,373] 45 root - INFO - Loading train and test array.
[ 2023-09-09 07:14:57,406] 49 root - INFO - Splitting input and target feature from both train and test arr.
[ 2023-09-09 07:14:57,407] 53 root - INFO - Train the model
[ 2023-09-09 07:15:04,550] 56 root - INFO - Calculating f1 train score
[ 2023-09-09 07:15:04,605] 60 root - INFO - Calculating f1 test score
[ 2023-09-09 07:15:04,624] 64 root - INFO - train score:0.9999821908781678 and tests score 0.9694011365292147
[ 2023-09-09 07:15:04,624] 66 root - INFO - Checking if our model is underfitting or not
[ 2023-09-09 07:15:04,624] 71 root - INFO - Checking if our model is overfiiting or not
[ 2023-09-09 07:15:04,624] 78 root - INFO - Saving mode object
[ 2023-09-09 07:15:04,624] 57 root - INFO - Entered the save_object method of utils
[ 2023-09-09 07:15:04,629] 61 root - INFO - Exited the save_object method of utils
[ 2023-09-09 07:15:04,629] 82 root - INFO - Prepare the artifact
[ 2023-09-09 07:15:04,630] 85 root - INFO - Model trainer artifact: ModelTrainerArtifact(model_path='/config/workspace/artifact/09092023__071431/model_trainer/model/model.pkl', f1_train_score=0.9999821908781678, f1_test_score=0.9694011365292147)
