[ 2023-09-09 06:56:38,145] 21 root - INFO - Reading data from database: APS_PROJECT and collection: SENSOR_FAULT
[ 2023-09-09 06:56:41,891] 24 root - INFO - columnsIndex(['_id', 'class', 'aa_000', 'ab_000', 'ac_000', 'ad_000', 'ae_000',
       'af_000', 'ag_000', 'ag_001',
       ...
       'ee_002', 'ee_003', 'ee_004', 'ee_005', 'ee_006', 'ee_007', 'ee_008',
       'ee_009', 'ef_000', 'eg_000'],
      dtype='object', length=172)
[ 2023-09-09 06:56:41,892] 26 root - INFO - Dropping column: _id 
[ 2023-09-09 06:56:42,154] 28 root - INFO - Row and columns in df: (36188, 171)
[ 2023-09-09 06:56:48,858] 22 root - INFO - >>>>>>>>>>>>>>>>>>>>>>>>>>>>>>>>>>>>>>>> Data Validation <<<<<<<<<<<<<<<<<<<<<<<<<<<<<<<<<<<<<<<<
[ 2023-09-09 06:56:48,859] 111 root - INFO - Reading base dataframe
[ 2023-09-09 06:56:51,229] 114 root - INFO - Replace na value in base df
[ 2023-09-09 06:56:51,230] 116 root - INFO - Drop null values colums from base df
[ 2023-09-09 06:56:51,464] 45 root - INFO - selecting column name which contains null above to 0.2
[ 2023-09-09 06:56:51,465] 48 root - INFO - Columns to drop: ['ab_000', 'ad_000', 'bk_000', 'bl_000', 'bm_000', 'bn_000', 'bo_000', 'bp_000', 'bq_000', 'br_000', 'cf_000', 'cg_000', 'ch_000', 'co_000', 'cr_000', 'ct_000', 'cu_000', 'cv_000', 'cx_000', 'cy_000', 'cz_000', 'da_000', 'db_000', 'dc_000']
[ 2023-09-09 06:56:51,559] 119 root - INFO - Reading train dataframe
[ 2023-09-09 06:56:51,984] 121 root - INFO - Reading test dataframe
[ 2023-09-09 06:56:52,100] 124 root - INFO - Drop null values colums from train df
[ 2023-09-09 06:56:52,109] 45 root - INFO - selecting column name which contains null above to 0.2
[ 2023-09-09 06:56:52,109] 48 root - INFO - Columns to drop: ['ab_000', 'ad_000', 'bk_000', 'bl_000', 'bm_000', 'bn_000', 'bo_000', 'bp_000', 'bq_000', 'br_000', 'cf_000', 'cg_000', 'ch_000', 'co_000', 'cr_000', 'ct_000', 'cu_000', 'cv_000', 'cx_000', 'cy_000', 'cz_000', 'da_000', 'db_000', 'dc_000']
[ 2023-09-09 06:56:52,119] 126 root - INFO - Drop null values colums from test df
[ 2023-09-09 06:56:52,122] 45 root - INFO - selecting column name which contains null above to 0.2
[ 2023-09-09 06:56:52,123] 48 root - INFO - Columns to drop: ['ab_000', 'ad_000', 'bk_000', 'bl_000', 'bm_000', 'bn_000', 'bo_000', 'bp_000', 'bq_000', 'br_000', 'cf_000', 'cg_000', 'ch_000', 'co_000', 'cr_000', 'ct_000', 'cu_000', 'cv_000', 'cx_000', 'cy_000', 'cz_000', 'da_000', 'db_000', 'dc_000']
[ 2023-09-09 06:56:52,975] 135 root - INFO - Is all required columns present in train df
[ 2023-09-09 06:56:52,976] 137 root - INFO - Is all required columns present in test df
[ 2023-09-09 06:56:52,976] 141 root - INFO - As all column are available in train df hence detecting data drift
[ 2023-09-09 06:56:52,976] 89 root - INFO - Hypothesis class: object, object 
[ 2023-09-09 06:56:53,124] 89 root - INFO - Hypothesis aa_000: float64, float64 
[ 2023-09-09 06:56:53,134] 89 root - INFO - Hypothesis ac_000: float64, float64 
[ 2023-09-09 06:56:53,176] 89 root - INFO - Hypothesis ae_000: float64, float64 
[ 2023-09-09 06:56:53,215] 89 root - INFO - Hypothesis af_000: float64, float64 
[ 2023-09-09 06:56:53,253] 89 root - INFO - Hypothesis ag_000: float64, float64 
[ 2023-09-09 06:56:53,291] 89 root - INFO - Hypothesis ag_001: float64, float64 
[ 2023-09-09 06:56:53,329] 89 root - INFO - Hypothesis ag_002: float64, float64 
[ 2023-09-09 06:56:53,367] 89 root - INFO - Hypothesis ag_003: float64, float64 
[ 2023-09-09 06:56:53,374] 89 root - INFO - Hypothesis ag_004: float64, float64 
[ 2023-09-09 06:56:53,384] 89 root - INFO - Hypothesis ag_005: float64, float64 
[ 2023-09-09 06:56:53,394] 89 root - INFO - Hypothesis ag_006: float64, float64 
[ 2023-09-09 06:56:53,405] 89 root - INFO - Hypothesis ag_007: float64, float64 
[ 2023-09-09 06:56:53,414] 89 root - INFO - Hypothesis ag_008: float64, float64 
[ 2023-09-09 06:56:53,422] 89 root - INFO - Hypothesis ag_009: float64, float64 
[ 2023-09-09 06:56:53,430] 89 root - INFO - Hypothesis ah_000: float64, float64 
[ 2023-09-09 06:56:53,440] 89 root - INFO - Hypothesis ai_000: float64, float64 
[ 2023-09-09 06:56:53,479] 89 root - INFO - Hypothesis aj_000: float64, float64 
[ 2023-09-09 06:56:53,485] 89 root - INFO - Hypothesis ak_000: float64, float64 
[ 2023-09-09 06:56:53,524] 89 root - INFO - Hypothesis al_000: float64, float64 
[ 2023-09-09 06:56:53,532] 89 root - INFO - Hypothesis am_0: float64, float64 
[ 2023-09-09 06:56:53,539] 89 root - INFO - Hypothesis an_000: float64, float64 
[ 2023-09-09 06:56:53,550] 89 root - INFO - Hypothesis ao_000: float64, float64 
[ 2023-09-09 06:56:53,560] 89 root - INFO - Hypothesis ap_000: float64, float64 
[ 2023-09-09 06:56:53,571] 89 root - INFO - Hypothesis aq_000: float64, float64 
[ 2023-09-09 06:56:53,581] 89 root - INFO - Hypothesis ar_000: float64, float64 
[ 2023-09-09 06:56:53,620] 89 root - INFO - Hypothesis as_000: float64, float64 
[ 2023-09-09 06:56:53,658] 89 root - INFO - Hypothesis at_000: float64, float64 
[ 2023-09-09 06:56:53,697] 89 root - INFO - Hypothesis au_000: float64, float64 
[ 2023-09-09 06:56:53,735] 89 root - INFO - Hypothesis av_000: float64, float64 
[ 2023-09-09 06:56:53,744] 89 root - INFO - Hypothesis ax_000: float64, float64 
[ 2023-09-09 06:56:53,752] 89 root - INFO - Hypothesis ay_000: float64, float64 
[ 2023-09-09 06:56:53,790] 89 root - INFO - Hypothesis ay_001: float64, float64 
[ 2023-09-09 06:56:53,829] 89 root - INFO - Hypothesis ay_002: float64, float64 
[ 2023-09-09 06:56:53,867] 89 root - INFO - Hypothesis ay_003: float64, float64 
[ 2023-09-09 06:56:53,905] 89 root - INFO - Hypothesis ay_004: float64, float64 
[ 2023-09-09 06:56:53,944] 89 root - INFO - Hypothesis ay_005: float64, float64 
[ 2023-09-09 06:56:53,986] 89 root - INFO - Hypothesis ay_006: float64, float64 
[ 2023-09-09 06:56:53,995] 89 root - INFO - Hypothesis ay_007: float64, float64 
[ 2023-09-09 06:56:54,005] 89 root - INFO - Hypothesis ay_008: float64, float64 
[ 2023-09-09 06:56:54,016] 89 root - INFO - Hypothesis ay_009: float64, float64 
[ 2023-09-09 06:56:54,056] 89 root - INFO - Hypothesis az_000: float64, float64 
[ 2023-09-09 06:56:54,066] 89 root - INFO - Hypothesis az_001: float64, float64 
[ 2023-09-09 06:56:54,075] 89 root - INFO - Hypothesis az_002: float64, float64 
[ 2023-09-09 06:56:54,085] 89 root - INFO - Hypothesis az_003: float64, float64 
[ 2023-09-09 06:56:54,095] 89 root - INFO - Hypothesis az_004: float64, float64 
[ 2023-09-09 06:56:54,105] 89 root - INFO - Hypothesis az_005: float64, float64 
[ 2023-09-09 06:56:54,115] 89 root - INFO - Hypothesis az_006: float64, float64 
[ 2023-09-09 06:56:54,162] 89 root - INFO - Hypothesis az_007: float64, float64 
[ 2023-09-09 06:56:54,202] 89 root - INFO - Hypothesis az_008: float64, float64 
[ 2023-09-09 06:56:54,240] 89 root - INFO - Hypothesis az_009: float64, float64 
[ 2023-09-09 06:56:54,278] 89 root - INFO - Hypothesis ba_000: float64, float64 
[ 2023-09-09 06:56:54,289] 89 root - INFO - Hypothesis ba_001: float64, float64 
[ 2023-09-09 06:56:54,299] 89 root - INFO - Hypothesis ba_002: float64, float64 
[ 2023-09-09 06:56:54,309] 89 root - INFO - Hypothesis ba_003: float64, float64 
[ 2023-09-09 06:56:54,319] 89 root - INFO - Hypothesis ba_004: float64, float64 
[ 2023-09-09 06:56:54,330] 89 root - INFO - Hypothesis ba_005: float64, float64 
[ 2023-09-09 06:56:54,340] 89 root - INFO - Hypothesis ba_006: float64, float64 
[ 2023-09-09 06:56:54,350] 89 root - INFO - Hypothesis ba_007: float64, float64 
[ 2023-09-09 06:56:54,359] 89 root - INFO - Hypothesis ba_008: float64, float64 
[ 2023-09-09 06:56:54,402] 89 root - INFO - Hypothesis ba_009: float64, float64 
[ 2023-09-09 06:56:54,442] 89 root - INFO - Hypothesis bb_000: float64, float64 
[ 2023-09-09 06:56:54,453] 89 root - INFO - Hypothesis bc_000: float64, float64 
[ 2023-09-09 06:56:54,495] 89 root - INFO - Hypothesis bd_000: float64, float64 
[ 2023-09-09 06:56:54,503] 89 root - INFO - Hypothesis be_000: float64, float64 
[ 2023-09-09 06:56:54,512] 89 root - INFO - Hypothesis bf_000: float64, float64 
[ 2023-09-09 06:56:54,519] 89 root - INFO - Hypothesis bg_000: float64, float64 
[ 2023-09-09 06:56:54,529] 89 root - INFO - Hypothesis bh_000: float64, float64 
[ 2023-09-09 06:56:54,539] 89 root - INFO - Hypothesis bi_000: float64, float64 
[ 2023-09-09 06:56:54,550] 89 root - INFO - Hypothesis bj_000: float64, float64 
[ 2023-09-09 06:56:54,560] 89 root - INFO - Hypothesis bs_000: float64, float64 
[ 2023-09-09 06:56:54,571] 89 root - INFO - Hypothesis bt_000: float64, float64 
[ 2023-09-09 06:56:54,581] 89 root - INFO - Hypothesis bu_000: float64, float64 
[ 2023-09-09 06:56:54,591] 89 root - INFO - Hypothesis bv_000: float64, float64 
[ 2023-09-09 06:56:54,602] 89 root - INFO - Hypothesis bx_000: float64, float64 
[ 2023-09-09 06:56:54,612] 89 root - INFO - Hypothesis by_000: float64, float64 
[ 2023-09-09 06:56:54,622] 89 root - INFO - Hypothesis bz_000: float64, float64 
[ 2023-09-09 06:56:54,631] 89 root - INFO - Hypothesis ca_000: float64, float64 
[ 2023-09-09 06:56:54,641] 89 root - INFO - Hypothesis cb_000: float64, float64 
[ 2023-09-09 06:56:54,652] 89 root - INFO - Hypothesis cc_000: float64, float64 
[ 2023-09-09 06:56:54,662] 89 root - INFO - Hypothesis cd_000: float64, float64 
[ 2023-09-09 06:56:54,701] 89 root - INFO - Hypothesis ce_000: float64, float64 
[ 2023-09-09 06:56:54,710] 89 root - INFO - Hypothesis ci_000: float64, float64 
[ 2023-09-09 06:56:54,720] 89 root - INFO - Hypothesis cj_000: float64, float64 
[ 2023-09-09 06:56:54,760] 89 root - INFO - Hypothesis ck_000: float64, float64 
[ 2023-09-09 06:56:54,770] 89 root - INFO - Hypothesis cl_000: float64, float64 
[ 2023-09-09 06:56:54,776] 89 root - INFO - Hypothesis cm_000: float64, float64 
[ 2023-09-09 06:56:54,784] 89 root - INFO - Hypothesis cn_000: float64, float64 
[ 2023-09-09 06:56:54,822] 89 root - INFO - Hypothesis cn_001: float64, float64 
[ 2023-09-09 06:56:54,863] 89 root - INFO - Hypothesis cn_002: float64, float64 
[ 2023-09-09 06:56:54,871] 89 root - INFO - Hypothesis cn_003: float64, float64 
[ 2023-09-09 06:56:54,882] 89 root - INFO - Hypothesis cn_004: float64, float64 
[ 2023-09-09 06:56:54,892] 89 root - INFO - Hypothesis cn_005: float64, float64 
[ 2023-09-09 06:56:54,902] 89 root - INFO - Hypothesis cn_006: float64, float64 
[ 2023-09-09 06:56:54,912] 89 root - INFO - Hypothesis cn_007: float64, float64 
[ 2023-09-09 06:56:54,922] 89 root - INFO - Hypothesis cn_008: float64, float64 
[ 2023-09-09 06:56:54,931] 89 root - INFO - Hypothesis cn_009: float64, float64 
[ 2023-09-09 06:56:54,973] 89 root - INFO - Hypothesis cp_000: float64, float64 
[ 2023-09-09 06:56:55,016] 89 root - INFO - Hypothesis cq_000: float64, float64 
[ 2023-09-09 06:56:55,026] 89 root - INFO - Hypothesis cs_000: float64, float64 
[ 2023-09-09 06:56:55,036] 89 root - INFO - Hypothesis cs_001: float64, float64 
[ 2023-09-09 06:56:55,045] 89 root - INFO - Hypothesis cs_002: float64, float64 
[ 2023-09-09 06:56:55,055] 89 root - INFO - Hypothesis cs_003: float64, float64 
[ 2023-09-09 06:56:55,065] 89 root - INFO - Hypothesis cs_004: float64, float64 
[ 2023-09-09 06:56:55,078] 89 root - INFO - Hypothesis cs_005: float64, float64 
[ 2023-09-09 06:56:55,089] 89 root - INFO - Hypothesis cs_006: float64, float64 
[ 2023-09-09 06:56:55,100] 89 root - INFO - Hypothesis cs_007: float64, float64 
[ 2023-09-09 06:56:55,110] 89 root - INFO - Hypothesis cs_008: float64, float64 
[ 2023-09-09 06:56:55,151] 89 root - INFO - Hypothesis cs_009: float64, float64 
[ 2023-09-09 06:56:55,190] 89 root - INFO - Hypothesis dd_000: float64, float64 
[ 2023-09-09 06:56:55,199] 89 root - INFO - Hypothesis de_000: float64, float64 
[ 2023-09-09 06:56:55,208] 89 root - INFO - Hypothesis df_000: float64, float64 
[ 2023-09-09 06:56:55,247] 89 root - INFO - Hypothesis dg_000: float64, float64 
[ 2023-09-09 06:56:55,287] 89 root - INFO - Hypothesis dh_000: float64, float64 
[ 2023-09-09 06:56:55,293] 89 root - INFO - Hypothesis di_000: float64, float64 
[ 2023-09-09 06:56:55,333] 89 root - INFO - Hypothesis dj_000: float64, float64 
[ 2023-09-09 06:56:55,372] 89 root - INFO - Hypothesis dk_000: float64, float64 
[ 2023-09-09 06:56:55,410] 89 root - INFO - Hypothesis dl_000: float64, float64 
[ 2023-09-09 06:56:55,448] 89 root - INFO - Hypothesis dm_000: float64, float64 
[ 2023-09-09 06:56:55,487] 89 root - INFO - Hypothesis dn_000: float64, float64 
[ 2023-09-09 06:56:55,497] 89 root - INFO - Hypothesis do_000: float64, float64 
[ 2023-09-09 06:56:55,507] 89 root - INFO - Hypothesis dp_000: float64, float64 
[ 2023-09-09 06:56:55,516] 89 root - INFO - Hypothesis dq_000: float64, float64 
[ 2023-09-09 06:56:55,556] 89 root - INFO - Hypothesis dr_000: float64, float64 
[ 2023-09-09 06:56:55,597] 89 root - INFO - Hypothesis ds_000: float64, float64 
[ 2023-09-09 06:56:55,608] 89 root - INFO - Hypothesis dt_000: float64, float64 
[ 2023-09-09 06:56:55,617] 89 root - INFO - Hypothesis du_000: float64, float64 
[ 2023-09-09 06:56:55,627] 89 root - INFO - Hypothesis dv_000: float64, float64 
[ 2023-09-09 06:56:55,637] 89 root - INFO - Hypothesis dx_000: float64, float64 
[ 2023-09-09 06:56:55,678] 89 root - INFO - Hypothesis dy_000: float64, float64 
[ 2023-09-09 06:56:55,719] 89 root - INFO - Hypothesis dz_000: float64, float64 
[ 2023-09-09 06:56:55,758] 89 root - INFO - Hypothesis ea_000: float64, float64 
[ 2023-09-09 06:56:55,796] 89 root - INFO - Hypothesis eb_000: float64, float64 
[ 2023-09-09 06:56:55,805] 89 root - INFO - Hypothesis ec_00: float64, float64 
[ 2023-09-09 06:56:55,814] 89 root - INFO - Hypothesis ed_000: float64, float64 
[ 2023-09-09 06:56:55,823] 89 root - INFO - Hypothesis ee_000: float64, float64 
[ 2023-09-09 06:56:55,834] 89 root - INFO - Hypothesis ee_001: float64, float64 
[ 2023-09-09 06:56:55,844] 89 root - INFO - Hypothesis ee_002: float64, float64 
[ 2023-09-09 06:56:55,854] 89 root - INFO - Hypothesis ee_003: float64, float64 
[ 2023-09-09 06:56:55,864] 89 root - INFO - Hypothesis ee_004: float64, float64 
[ 2023-09-09 06:56:55,875] 89 root - INFO - Hypothesis ee_005: float64, float64 
[ 2023-09-09 06:56:55,885] 89 root - INFO - Hypothesis ee_006: float64, float64 
[ 2023-09-09 06:56:55,894] 89 root - INFO - Hypothesis ee_007: float64, float64 
[ 2023-09-09 06:56:55,904] 89 root - INFO - Hypothesis ee_008: float64, float64 
[ 2023-09-09 06:56:55,913] 89 root - INFO - Hypothesis ee_009: float64, float64 
[ 2023-09-09 06:56:55,921] 89 root - INFO - Hypothesis ef_000: float64, float64 
[ 2023-09-09 06:56:55,959] 89 root - INFO - Hypothesis eg_000: float64, float64 
[ 2023-09-09 06:56:55,997] 144 root - INFO - As all column are available in test df hence detecting data drift
[ 2023-09-09 06:56:55,998] 89 root - INFO - Hypothesis class: object, object 
[ 2023-09-09 06:56:56,081] 89 root - INFO - Hypothesis aa_000: float64, float64 
[ 2023-09-09 06:56:56,088] 89 root - INFO - Hypothesis ac_000: float64, float64 
[ 2023-09-09 06:56:56,094] 89 root - INFO - Hypothesis ae_000: float64, float64 
[ 2023-09-09 06:56:56,110] 89 root - INFO - Hypothesis af_000: float64, float64 
[ 2023-09-09 06:56:56,126] 89 root - INFO - Hypothesis ag_000: float64, float64 
[ 2023-09-09 06:56:56,142] 89 root - INFO - Hypothesis ag_001: float64, float64 
[ 2023-09-09 06:56:56,158] 89 root - INFO - Hypothesis ag_002: float64, float64 
[ 2023-09-09 06:56:56,167] 89 root - INFO - Hypothesis ag_003: float64, float64 
[ 2023-09-09 06:56:56,172] 89 root - INFO - Hypothesis ag_004: float64, float64 
[ 2023-09-09 06:56:56,179] 89 root - INFO - Hypothesis ag_005: float64, float64 
[ 2023-09-09 06:56:56,186] 89 root - INFO - Hypothesis ag_006: float64, float64 
[ 2023-09-09 06:56:56,193] 89 root - INFO - Hypothesis ag_007: float64, float64 
[ 2023-09-09 06:56:56,199] 89 root - INFO - Hypothesis ag_008: float64, float64 
[ 2023-09-09 06:56:56,205] 89 root - INFO - Hypothesis ag_009: float64, float64 
[ 2023-09-09 06:56:56,209] 89 root - INFO - Hypothesis ah_000: float64, float64 
[ 2023-09-09 06:56:56,217] 89 root - INFO - Hypothesis ai_000: float64, float64 
[ 2023-09-09 06:56:56,220] 89 root - INFO - Hypothesis aj_000: float64, float64 
[ 2023-09-09 06:56:56,224] 89 root - INFO - Hypothesis ak_000: float64, float64 
[ 2023-09-09 06:56:56,228] 89 root - INFO - Hypothesis al_000: float64, float64 
[ 2023-09-09 06:56:56,233] 89 root - INFO - Hypothesis am_0: float64, float64 
[ 2023-09-09 06:56:56,238] 89 root - INFO - Hypothesis an_000: float64, float64 
[ 2023-09-09 06:56:56,245] 89 root - INFO - Hypothesis ao_000: float64, float64 
[ 2023-09-09 06:56:56,253] 89 root - INFO - Hypothesis ap_000: float64, float64 
[ 2023-09-09 06:56:56,260] 89 root - INFO - Hypothesis aq_000: float64, float64 
[ 2023-09-09 06:56:56,267] 89 root - INFO - Hypothesis ar_000: float64, float64 
[ 2023-09-09 06:56:56,284] 89 root - INFO - Hypothesis as_000: float64, float64 
[ 2023-09-09 06:56:56,299] 89 root - INFO - Hypothesis at_000: float64, float64 
[ 2023-09-09 06:56:56,316] 89 root - INFO - Hypothesis au_000: float64, float64 
[ 2023-09-09 06:56:56,332] 89 root - INFO - Hypothesis av_000: float64, float64 
[ 2023-09-09 06:56:56,338] 89 root - INFO - Hypothesis ax_000: float64, float64 
[ 2023-09-09 06:56:56,344] 89 root - INFO - Hypothesis ay_000: float64, float64 
[ 2023-09-09 06:56:56,359] 89 root - INFO - Hypothesis ay_001: float64, float64 
[ 2023-09-09 06:56:56,375] 89 root - INFO - Hypothesis ay_002: float64, float64 
[ 2023-09-09 06:56:56,391] 89 root - INFO - Hypothesis ay_003: float64, float64 
[ 2023-09-09 06:56:56,407] 89 root - INFO - Hypothesis ay_004: float64, float64 
[ 2023-09-09 06:56:56,423] 89 root - INFO - Hypothesis ay_005: float64, float64 
[ 2023-09-09 06:56:56,428] 89 root - INFO - Hypothesis ay_006: float64, float64 
[ 2023-09-09 06:56:56,435] 89 root - INFO - Hypothesis ay_007: float64, float64 
[ 2023-09-09 06:56:56,441] 89 root - INFO - Hypothesis ay_008: float64, float64 
[ 2023-09-09 06:56:56,448] 89 root - INFO - Hypothesis ay_009: float64, float64 
[ 2023-09-09 06:56:56,464] 89 root - INFO - Hypothesis az_000: float64, float64 
[ 2023-09-09 06:56:56,471] 89 root - INFO - Hypothesis az_001: float64, float64 
[ 2023-09-09 06:56:56,477] 89 root - INFO - Hypothesis az_002: float64, float64 
[ 2023-09-09 06:56:56,484] 89 root - INFO - Hypothesis az_003: float64, float64 
[ 2023-09-09 06:56:56,491] 89 root - INFO - Hypothesis az_004: float64, float64 
[ 2023-09-09 06:56:56,498] 89 root - INFO - Hypothesis az_005: float64, float64 
[ 2023-09-09 06:56:56,505] 89 root - INFO - Hypothesis az_006: float64, float64 
[ 2023-09-09 06:56:56,511] 89 root - INFO - Hypothesis az_007: float64, float64 
[ 2023-09-09 06:56:56,516] 89 root - INFO - Hypothesis az_008: float64, float64 
[ 2023-09-09 06:56:56,533] 89 root - INFO - Hypothesis az_009: float64, float64 
[ 2023-09-09 06:56:56,549] 89 root - INFO - Hypothesis ba_000: float64, float64 
[ 2023-09-09 06:56:56,556] 89 root - INFO - Hypothesis ba_001: float64, float64 
[ 2023-09-09 06:56:56,563] 89 root - INFO - Hypothesis ba_002: float64, float64 
[ 2023-09-09 06:56:56,570] 89 root - INFO - Hypothesis ba_003: float64, float64 
[ 2023-09-09 06:56:56,577] 89 root - INFO - Hypothesis ba_004: float64, float64 
[ 2023-09-09 06:56:56,584] 89 root - INFO - Hypothesis ba_005: float64, float64 
[ 2023-09-09 06:56:56,591] 89 root - INFO - Hypothesis ba_006: float64, float64 
[ 2023-09-09 06:56:56,598] 89 root - INFO - Hypothesis ba_007: float64, float64 
[ 2023-09-09 06:56:56,605] 89 root - INFO - Hypothesis ba_008: float64, float64 
[ 2023-09-09 06:56:56,610] 89 root - INFO - Hypothesis ba_009: float64, float64 
[ 2023-09-09 06:56:56,615] 89 root - INFO - Hypothesis bb_000: float64, float64 
[ 2023-09-09 06:56:56,622] 89 root - INFO - Hypothesis bc_000: float64, float64 
[ 2023-09-09 06:56:56,628] 89 root - INFO - Hypothesis bd_000: float64, float64 
[ 2023-09-09 06:56:56,633] 89 root - INFO - Hypothesis be_000: float64, float64 
[ 2023-09-09 06:56:56,639] 89 root - INFO - Hypothesis bf_000: float64, float64 
[ 2023-09-09 06:56:56,644] 89 root - INFO - Hypothesis bg_000: float64, float64 
[ 2023-09-09 06:56:56,651] 89 root - INFO - Hypothesis bh_000: float64, float64 
[ 2023-09-09 06:56:56,658] 89 root - INFO - Hypothesis bi_000: float64, float64 
[ 2023-09-09 06:56:56,666] 89 root - INFO - Hypothesis bj_000: float64, float64 
[ 2023-09-09 06:56:56,673] 89 root - INFO - Hypothesis bs_000: float64, float64 
[ 2023-09-09 06:56:56,680] 89 root - INFO - Hypothesis bt_000: float64, float64 
[ 2023-09-09 06:56:56,687] 89 root - INFO - Hypothesis bu_000: float64, float64 
[ 2023-09-09 06:56:56,694] 89 root - INFO - Hypothesis bv_000: float64, float64 
[ 2023-09-09 06:56:56,701] 89 root - INFO - Hypothesis bx_000: float64, float64 
[ 2023-09-09 06:56:56,708] 89 root - INFO - Hypothesis by_000: float64, float64 
[ 2023-09-09 06:56:56,715] 89 root - INFO - Hypothesis bz_000: float64, float64 
[ 2023-09-09 06:56:56,721] 89 root - INFO - Hypothesis ca_000: float64, float64 
[ 2023-09-09 06:56:56,728] 89 root - INFO - Hypothesis cb_000: float64, float64 
[ 2023-09-09 06:56:56,735] 89 root - INFO - Hypothesis cc_000: float64, float64 
[ 2023-09-09 06:56:56,742] 89 root - INFO - Hypothesis cd_000: float64, float64 
[ 2023-09-09 06:56:56,758] 89 root - INFO - Hypothesis ce_000: float64, float64 
[ 2023-09-09 06:56:56,765] 89 root - INFO - Hypothesis ci_000: float64, float64 
[ 2023-09-09 06:56:56,772] 89 root - INFO - Hypothesis cj_000: float64, float64 
[ 2023-09-09 06:56:56,776] 89 root - INFO - Hypothesis ck_000: float64, float64 
[ 2023-09-09 06:56:56,783] 89 root - INFO - Hypothesis cl_000: float64, float64 
[ 2023-09-09 06:56:56,788] 89 root - INFO - Hypothesis cm_000: float64, float64 
[ 2023-09-09 06:56:56,793] 89 root - INFO - Hypothesis cn_000: float64, float64 
[ 2023-09-09 06:56:56,809] 89 root - INFO - Hypothesis cn_001: float64, float64 
[ 2023-09-09 06:56:56,813] 89 root - INFO - Hypothesis cn_002: float64, float64 
[ 2023-09-09 06:56:56,819] 89 root - INFO - Hypothesis cn_003: float64, float64 
[ 2023-09-09 06:56:56,826] 89 root - INFO - Hypothesis cn_004: float64, float64 
[ 2023-09-09 06:56:56,833] 89 root - INFO - Hypothesis cn_005: float64, float64 
[ 2023-09-09 06:56:56,840] 89 root - INFO - Hypothesis cn_006: float64, float64 
[ 2023-09-09 06:56:56,847] 89 root - INFO - Hypothesis cn_007: float64, float64 
[ 2023-09-09 06:56:56,853] 89 root - INFO - Hypothesis cn_008: float64, float64 
[ 2023-09-09 06:56:56,859] 89 root - INFO - Hypothesis cn_009: float64, float64 
[ 2023-09-09 06:56:56,865] 89 root - INFO - Hypothesis cp_000: float64, float64 
[ 2023-09-09 06:56:56,870] 89 root - INFO - Hypothesis cq_000: float64, float64 
[ 2023-09-09 06:56:56,877] 89 root - INFO - Hypothesis cs_000: float64, float64 
[ 2023-09-09 06:56:56,884] 89 root - INFO - Hypothesis cs_001: float64, float64 
[ 2023-09-09 06:56:56,890] 89 root - INFO - Hypothesis cs_002: float64, float64 
[ 2023-09-09 06:56:56,897] 89 root - INFO - Hypothesis cs_003: float64, float64 
[ 2023-09-09 06:56:56,904] 89 root - INFO - Hypothesis cs_004: float64, float64 
[ 2023-09-09 06:56:56,911] 89 root - INFO - Hypothesis cs_005: float64, float64 
[ 2023-09-09 06:56:56,918] 89 root - INFO - Hypothesis cs_006: float64, float64 
[ 2023-09-09 06:56:56,925] 89 root - INFO - Hypothesis cs_007: float64, float64 
[ 2023-09-09 06:56:56,932] 89 root - INFO - Hypothesis cs_008: float64, float64 
[ 2023-09-09 06:56:56,937] 89 root - INFO - Hypothesis cs_009: float64, float64 
[ 2023-09-09 06:56:56,954] 89 root - INFO - Hypothesis dd_000: float64, float64 
[ 2023-09-09 06:56:56,960] 89 root - INFO - Hypothesis de_000: float64, float64 
[ 2023-09-09 06:56:56,967] 89 root - INFO - Hypothesis df_000: float64, float64 
[ 2023-09-09 06:56:56,970] 89 root - INFO - Hypothesis dg_000: float64, float64 
[ 2023-09-09 06:56:56,974] 89 root - INFO - Hypothesis dh_000: float64, float64 
[ 2023-09-09 06:56:56,978] 89 root - INFO - Hypothesis di_000: float64, float64 
[ 2023-09-09 06:56:56,982] 89 root - INFO - Hypothesis dj_000: float64, float64 
[ 2023-09-09 06:56:56,999] 89 root - INFO - Hypothesis dk_000: float64, float64 
[ 2023-09-09 06:56:57,003] 89 root - INFO - Hypothesis dl_000: float64, float64 
[ 2023-09-09 06:56:57,020] 89 root - INFO - Hypothesis dm_000: float64, float64 
[ 2023-09-09 06:56:57,038] 89 root - INFO - Hypothesis dn_000: float64, float64 
[ 2023-09-09 06:56:57,046] 89 root - INFO - Hypothesis do_000: float64, float64 
[ 2023-09-09 06:56:57,052] 89 root - INFO - Hypothesis dp_000: float64, float64 
[ 2023-09-09 06:56:57,059] 89 root - INFO - Hypothesis dq_000: float64, float64 
[ 2023-09-09 06:56:57,063] 89 root - INFO - Hypothesis dr_000: float64, float64 
[ 2023-09-09 06:56:57,068] 89 root - INFO - Hypothesis ds_000: float64, float64 
[ 2023-09-09 06:56:57,075] 89 root - INFO - Hypothesis dt_000: float64, float64 
[ 2023-09-09 06:56:57,083] 89 root - INFO - Hypothesis du_000: float64, float64 
[ 2023-09-09 06:56:57,089] 89 root - INFO - Hypothesis dv_000: float64, float64 
[ 2023-09-09 06:56:57,096] 89 root - INFO - Hypothesis dx_000: float64, float64 
[ 2023-09-09 06:56:57,101] 89 root - INFO - Hypothesis dy_000: float64, float64 
[ 2023-09-09 06:56:57,106] 89 root - INFO - Hypothesis dz_000: float64, float64 
[ 2023-09-09 06:56:57,122] 89 root - INFO - Hypothesis ea_000: float64, float64 
[ 2023-09-09 06:56:57,139] 89 root - INFO - Hypothesis eb_000: float64, float64 
[ 2023-09-09 06:56:57,145] 89 root - INFO - Hypothesis ec_00: float64, float64 
[ 2023-09-09 06:56:57,152] 89 root - INFO - Hypothesis ed_000: float64, float64 
[ 2023-09-09 06:56:57,158] 89 root - INFO - Hypothesis ee_000: float64, float64 
[ 2023-09-09 06:56:57,165] 89 root - INFO - Hypothesis ee_001: float64, float64 
[ 2023-09-09 06:56:57,172] 89 root - INFO - Hypothesis ee_002: float64, float64 
[ 2023-09-09 06:56:57,179] 89 root - INFO - Hypothesis ee_003: float64, float64 
[ 2023-09-09 06:56:57,186] 89 root - INFO - Hypothesis ee_004: float64, float64 
[ 2023-09-09 06:56:57,193] 89 root - INFO - Hypothesis ee_005: float64, float64 
[ 2023-09-09 06:56:57,200] 89 root - INFO - Hypothesis ee_006: float64, float64 
[ 2023-09-09 06:56:57,207] 89 root - INFO - Hypothesis ee_007: float64, float64 
[ 2023-09-09 06:56:57,214] 89 root - INFO - Hypothesis ee_008: float64, float64 
[ 2023-09-09 06:56:57,220] 89 root - INFO - Hypothesis ee_009: float64, float64 
[ 2023-09-09 06:56:57,225] 89 root - INFO - Hypothesis ef_000: float64, float64 
[ 2023-09-09 06:56:57,241] 89 root - INFO - Hypothesis eg_000: float64, float64 
[ 2023-09-09 06:56:57,257] 148 root - INFO - Write reprt in yaml file
[ 2023-09-09 06:56:57,332] 153 root - INFO - Data validation artifact: DataValidationArtifact(report_file_path='/config/workspace/artifact/09092023__065638/data_validation/report.yaml')
[ 2023-09-09 06:56:57,401] 24 root - INFO - >>>>>>>>>>>>>>>>>>>>>>>>>>>>>>>>>>>>>>>> Data Transformation <<<<<<<<<<<<<<<<<<<<<<<<<<<<<<<<<<<<<<<<
[ 2023-09-09 06:56:58,398] 75 root - INFO - Before resampling in training set Input: (28950, 170) Target:(28950,)
[ 2023-09-09 06:57:03,073] 77 root - INFO - After resampling in training set Input: (56152, 170) Target:(56152,)
[ 2023-09-09 06:57:03,074] 79 root - INFO - Before resampling in testing set Input: (7238, 170) Target:(7238,)
[ 2023-09-09 06:57:03,562] 81 root - INFO - After resampling in testing set Input: (14072, 170) Target:(14072,)
[ 2023-09-09 06:57:03,692] 57 root - INFO - Entered the save_object method of utils
[ 2023-09-09 06:57:03,696] 61 root - INFO - Exited the save_object method of utils
[ 2023-09-09 06:57:03,696] 57 root - INFO - Entered the save_object method of utils
[ 2023-09-09 06:57:03,696] 61 root - INFO - Exited the save_object method of utils
[ 2023-09-09 06:57:03,697] 112 root - INFO - Data transformation object DataTransformationArtifact(transform_object_path='/config/workspace/artifact/09092023__065638/data_transformation/transformer/transformer.pkl', transformed_train_path='/config/workspace/artifact/09092023__065638/data_transformation/transformed/train.npz', transformed_test_path='/config/workspace/artifact/09092023__065638/data_transformation/transformed/test.npz', target_encoder_path='/config/workspace/artifact/09092023__065638/data_transformation/target_encoder/target_encoder.pkl')
[ 2023-09-09 06:57:03,698] 18 root - INFO - >>>>>>>>>>>>>>>>>>>>>>>>>>>>>>>>>>>>>>>> Model Trainer <<<<<<<<<<<<<<<<<<<<<<<<<<<<<<<<<<<<<<<<
[ 2023-09-09 06:57:03,698] 45 root - INFO - Loading train and test array.
[ 2023-09-09 06:57:03,732] 49 root - INFO - Splitting input and target feature from both train and test arr.
[ 2023-09-09 06:57:03,732] 53 root - INFO - Train the model
[ 2023-09-09 06:57:10,460] 56 root - INFO - Calculating f1 train score
[ 2023-09-09 06:57:10,516] 60 root - INFO - Calculating f1 test score
[ 2023-09-09 06:57:10,533] 64 root - INFO - train score:0.9999821908781678 and tests score 0.9694011365292147
[ 2023-09-09 06:57:10,533] 66 root - INFO - Checking if our model is underfitting or not
[ 2023-09-09 06:57:10,533] 71 root - INFO - Checking if our model is overfiiting or not
[ 2023-09-09 06:57:10,533] 78 root - INFO - Saving mode object
[ 2023-09-09 06:57:10,533] 57 root - INFO - Entered the save_object method of utils
[ 2023-09-09 06:57:10,539] 61 root - INFO - Exited the save_object method of utils
[ 2023-09-09 06:57:10,539] 82 root - INFO - Prepare the artifact
[ 2023-09-09 06:57:10,540] 85 root - INFO - Model trainer artifact: ModelTrainerArtifact(model_path='/config/workspace/artifact/09092023__065638/model_trainer/model/model.pkl', f1_train_score=0.9999821908781678, f1_test_score=0.9694011365292147)
